[debug] [2021-01-03T20:33:41.513Z] ----------------------------------------------------------------------
[debug] [2021-01-03T20:33:41.521Z] Command:       C:\Program Files\nodejs\node.exe C:\Users\MarjoonJan\AppData\Roaming\npm\node_modules\firebase-tools\lib\bin\firebase.js deploy
[debug] [2021-01-03T20:33:41.522Z] CLI Version:   9.1.0
[debug] [2021-01-03T20:33:41.523Z] Platform:      win32
[debug] [2021-01-03T20:33:41.523Z] Node Version:  v14.15.0
[debug] [2021-01-03T20:33:41.526Z] Time:          Mon Jan 04 2021 00:03:41 GMT+0330 (Iran Standard Time)
[debug] [2021-01-03T20:33:41.527Z] ----------------------------------------------------------------------
[debug] [2021-01-03T20:33:41.527Z] 
[debug] [2021-01-03T20:33:41.552Z] >>> [apiv2][query] GET https://firebase-public.firebaseio.com/cli.json [none]
[debug] [2021-01-03T20:33:41.651Z] > command requires scopes: ["email","openid","https://www.googleapis.com/auth/cloudplatformprojects.readonly","https://www.googleapis.com/auth/firebase","https://www.googleapis.com/auth/cloud-platform"]
[debug] [2021-01-03T20:33:41.653Z] > authorizing via signed-in user
[debug] [2021-01-03T20:33:41.654Z] [iam] checking project testfire-f203b for permissions ["firebase.projects.get","firebasehosting.sites.update"]
[debug] [2021-01-03T20:33:41.662Z] > refreshing access token with scopes: ["email","https://www.googleapis.com/auth/cloud-platform","https://www.googleapis.com/auth/cloudplatformprojects.readonly","https://www.googleapis.com/auth/firebase","openid"]
[debug] [2021-01-03T20:33:41.663Z] >>> HTTP REQUEST POST https://www.googleapis.com/oauth2/v3/token  
 <request body omitted>
[debug] [2021-01-03T20:33:51.752Z] [iam] error while checking permissions, command may fail: FirebaseError: Authentication Error: Your credentials are no longer valid. Please run firebase login --reauth

For CI servers and headless environments, generate a new token with firebase login:ci
[debug] [2021-01-03T20:33:51.754Z] > refreshing access token with scopes: ["email","https://www.googleapis.com/auth/cloud-platform","https://www.googleapis.com/auth/cloudplatformprojects.readonly","https://www.googleapis.com/auth/firebase","openid"]
[debug] [2021-01-03T20:33:51.755Z] >>> HTTP REQUEST POST https://www.googleapis.com/oauth2/v3/token  
 <request body omitted>
